<?xml version="1.0" encoding="UTF-8"?>
<coverage generated="1592209921">
  <project timestamp="1592209921">
    <file name="/Disk/Project/Docker-Php/src/Client/AmpArtaxStreamEndpoint.php">
      <metrics loc="26" ncloc="21" classes="0" methods="0" coveredmethods="0" conditionals="0" coveredconditionals="0" statements="0" coveredstatements="0" elements="0" coveredelements="0"/>
    </file>
    <package name="Docker\Client">
      <file name="/Disk/Project/Docker-Php/src/Client/AmpArtaxStreamEndpointTrait.php">
        <class name="AmpArtaxStreamEndpointTrait" namespace="Docker\Client">
          <metrics complexity="7" methods="3" coveredmethods="2" conditionals="0" coveredconditionals="0" statements="6" coveredstatements="5" elements="9" coveredelements="7"/>
        </class>
        <line num="20" type="method" name="parseArtaxStreamResponse" visibility="public" complexity="3" crap="4.12" count="1"/>
        <line num="26" type="stmt" count="1"/>
        <line num="27" type="stmt" count="0"/>
        <line num="30" type="method" name="anonymousFunction:30#211" complexity="2" crap="2" count="1"/>
        <line num="31" type="stmt" count="1"/>
        <line num="32" type="stmt" count="1"/>
        <line num="33" type="method" name="anonymousFunction:33#258" complexity="1" crap="1" count="1"/>
        <line num="34" type="stmt" count="1"/>
        <line num="35" type="stmt" count="1"/>
        <line num="38" type="stmt" count="1"/>
        <line num="39" type="stmt" count="1"/>
        <metrics loc="41" ncloc="41" classes="1" methods="3" coveredmethods="2" conditionals="0" coveredconditionals="0" statements="8" coveredstatements="7" elements="11" coveredelements="9"/>
      </file>
    </package>
    <file name="/Disk/Project/Docker-Php/src/Client/ProvideAmpArtaxClientOptions.php">
      <metrics loc="15" ncloc="12" classes="0" methods="0" coveredmethods="0" conditionals="0" coveredconditionals="0" statements="0" coveredstatements="0" elements="0" coveredelements="0"/>
    </file>
    <package name="Docker\Context">
      <file name="/Disk/Project/Docker-Php/src/Context/Context.php">
        <class name="Docker\Context\Context" namespace="Docker\Context">
          <metrics complexity="16" methods="10" coveredmethods="10" conditionals="0" coveredconditionals="0" statements="28" coveredstatements="28" elements="38" coveredelements="38"/>
        </class>
        <line num="55" type="method" name="__construct" visibility="public" complexity="1" crap="1" count="28"/>
        <line num="57" type="stmt" count="28"/>
        <line num="58" type="stmt" count="28"/>
        <line num="59" type="stmt" count="28"/>
        <line num="60" type="stmt" count="28"/>
        <line num="67" type="method" name="getDirectory" visibility="public" complexity="1" crap="1" count="16"/>
        <line num="69" type="stmt" count="16"/>
        <line num="77" type="method" name="setDirectory" visibility="public" complexity="1" crap="1" count="1"/>
        <line num="79" type="stmt" count="1"/>
        <line num="80" type="stmt" count="1"/>
        <line num="87" type="method" name="getDockerfileContent" visibility="public" complexity="1" crap="1" count="11"/>
        <line num="89" type="stmt" count="11"/>
        <line num="95" type="method" name="isStreamed" visibility="public" complexity="1" crap="1" count="3"/>
        <line num="97" type="stmt" count="3"/>
        <line num="103" type="method" name="read" visibility="public" complexity="2" crap="2" count="3"/>
        <line num="105" type="stmt" count="3"/>
        <line num="115" type="method" name="toTar" visibility="public" complexity="2" crap="2" count="3"/>
        <line num="117" type="stmt" count="3"/>
        <line num="118" type="stmt" count="3"/>
        <line num="120" type="stmt" count="3"/>
        <line num="121" type="stmt" count="1"/>
        <line num="124" type="stmt" count="2"/>
        <line num="132" type="method" name="toStream" visibility="public" complexity="2" crap="2" count="3"/>
        <line num="134" type="stmt" count="3"/>
        <line num="135" type="stmt" count="3"/>
        <line num="136" type="stmt" count="3"/>
        <line num="139" type="stmt" count="3"/>
        <line num="142" type="method" name="__destruct" visibility="public" complexity="4" crap="4" count="28"/>
        <line num="144" type="stmt" count="28"/>
        <line num="145" type="stmt" count="1"/>
        <line num="148" type="stmt" count="28"/>
        <line num="149" type="stmt" count="3"/>
        <line num="152" type="stmt" count="28"/>
        <line num="153" type="stmt" count="23"/>
        <line num="155" type="stmt" count="28"/>
        <line num="160" type="method" name="setCleanup" visibility="public" complexity="1" crap="1" count="24"/>
        <line num="162" type="stmt" count="24"/>
        <line num="163" type="stmt" count="24"/>
        <metrics loc="164" ncloc="102" classes="1" methods="10" coveredmethods="10" conditionals="0" coveredconditionals="0" statements="28" coveredstatements="28" elements="38" coveredelements="38"/>
      </file>
      <file name="/Disk/Project/Docker-Php/src/Context/ContextBuilder.php">
        <class name="Docker\Context\ContextBuilder" namespace="Docker\Context">
          <metrics complexity="41" methods="20" coveredmethods="19" conditionals="0" coveredconditionals="0" statements="101" coveredstatements="100" elements="121" coveredelements="119"/>
        </class>
        <line num="44" type="method" name="__construct" visibility="public" complexity="2" crap="2" count="24"/>
        <line num="47" type="stmt" count="24"/>
        <line num="48" type="stmt" count="24"/>
        <line num="49" type="stmt" count="24"/>
        <line num="50" type="stmt" count="24"/>
        <line num="59" type="method" name="setFormat" visibility="public" complexity="1" crap="1" count="1"/>
        <line num="61" type="stmt" count="1"/>
        <line num="63" type="stmt" count="1"/>
        <line num="73" type="method" name="from" visibility="public" complexity="1" crap="1" count="4"/>
        <line num="75" type="stmt" count="4"/>
        <line num="77" type="stmt" count="4"/>
        <line num="87" type="method" name="command" visibility="public" complexity="1" crap="1" count="1"/>
        <line num="89" type="stmt" count="1"/>
        <line num="91" type="stmt" count="1"/>
        <line num="101" type="method" name="entrypoint" visibility="public" complexity="1" crap="1" count="1"/>
        <line num="103" type="stmt" count="1"/>
        <line num="105" type="stmt" count="1"/>
        <line num="116" type="method" name="add" visibility="public" complexity="1" crap="1" count="4"/>
        <line num="118" type="stmt" count="4"/>
        <line num="120" type="stmt" count="4"/>
        <line num="131" type="method" name="addStream" visibility="public" complexity="1" crap="1" count="1"/>
        <line num="133" type="stmt" count="1"/>
        <line num="135" type="stmt" count="1"/>
        <line num="146" type="method" name="addFile" visibility="public" complexity="1" crap="1" count="3"/>
        <line num="148" type="stmt" count="3"/>
        <line num="150" type="stmt" count="3"/>
        <line num="160" type="method" name="run" visibility="public" complexity="1" crap="1" count="1"/>
        <line num="162" type="stmt" count="1"/>
        <line num="164" type="stmt" count="1"/>
        <line num="175" type="method" name="env" visibility="public" complexity="1" crap="1" count="1"/>
        <line num="177" type="stmt" count="1"/>
        <line num="179" type="stmt" count="1"/>
        <line num="190" type="method" name="copy" visibility="public" complexity="1" crap="1" count="1"/>
        <line num="192" type="stmt" count="1"/>
        <line num="194" type="stmt" count="1"/>
        <line num="204" type="method" name="workdir" visibility="public" complexity="1" crap="1" count="1"/>
        <line num="206" type="stmt" count="1"/>
        <line num="208" type="stmt" count="1"/>
        <line num="218" type="method" name="expose" visibility="public" complexity="1" crap="1" count="1"/>
        <line num="220" type="stmt" count="1"/>
        <line num="222" type="stmt" count="1"/>
        <line num="232" type="method" name="user" visibility="public" complexity="1" crap="1" count="1"/>
        <line num="234" type="stmt" count="1"/>
        <line num="236" type="stmt" count="1"/>
        <line num="246" type="method" name="volume" visibility="public" complexity="1" crap="1" count="1"/>
        <line num="248" type="stmt" count="1"/>
        <line num="250" type="stmt" count="1"/>
        <line num="258" type="method" name="getContext" visibility="public" complexity="1" crap="1" count="24"/>
        <line num="260" type="stmt" count="24"/>
        <line num="261" type="stmt" count="24"/>
        <line num="262" type="stmt" count="24"/>
        <line num="264" type="stmt" count="24"/>
        <line num="265" type="stmt" count="24"/>
        <line num="267" type="stmt" count="24"/>
        <line num="277" type="method" name="write" visibility="private" complexity="17" crap="17" count="24"/>
        <line num="279" type="stmt" count="24"/>
        <line num="281" type="stmt" count="24"/>
        <line num="282" type="stmt" count="20"/>
        <line num="284" type="stmt" count="24"/>
        <line num="285" type="stmt" count="17"/>
        <line num="286" type="stmt" count="17"/>
        <line num="287" type="stmt" count="4"/>
        <line num="288" type="stmt" count="4"/>
        <line num="289" type="stmt" count="15"/>
        <line num="290" type="stmt" count="1"/>
        <line num="291" type="stmt" count="1"/>
        <line num="292" type="stmt" count="14"/>
        <line num="293" type="stmt" count="4"/>
        <line num="294" type="stmt" count="4"/>
        <line num="295" type="stmt" count="10"/>
        <line num="296" type="stmt" count="3"/>
        <line num="297" type="stmt" count="3"/>
        <line num="298" type="stmt" count="7"/>
        <line num="299" type="stmt" count="1"/>
        <line num="300" type="stmt" count="1"/>
        <line num="301" type="stmt" count="6"/>
        <line num="302" type="stmt" count="1"/>
        <line num="303" type="stmt" count="1"/>
        <line num="304" type="stmt" count="5"/>
        <line num="305" type="stmt" count="1"/>
        <line num="306" type="stmt" count="1"/>
        <line num="307" type="stmt" count="4"/>
        <line num="308" type="stmt" count="1"/>
        <line num="309" type="stmt" count="1"/>
        <line num="310" type="stmt" count="3"/>
        <line num="311" type="stmt" count="1"/>
        <line num="312" type="stmt" count="1"/>
        <line num="313" type="stmt" count="2"/>
        <line num="314" type="stmt" count="1"/>
        <line num="315" type="stmt" count="1"/>
        <line num="316" type="stmt" count="1"/>
        <line num="317" type="stmt" count="1"/>
        <line num="318" type="stmt" count="1"/>
        <line num="322" type="stmt" count="24"/>
        <line num="323" type="stmt" count="1"/>
        <line num="326" type="stmt" count="24"/>
        <line num="327" type="stmt" count="1"/>
        <line num="330" type="stmt" count="24"/>
        <line num="331" type="stmt" count="24"/>
        <line num="341" type="method" name="getFile" visibility="private" complexity="2" crap="2" count="4"/>
        <line num="343" type="stmt" count="4"/>
        <line num="345" type="stmt" count="4"/>
        <line num="346" type="stmt" count="4"/>
        <line num="347" type="stmt" count="4"/>
        <line num="348" type="stmt" count="4"/>
        <line num="351" type="stmt" count="4"/>
        <line num="362" type="method" name="getFileFromStream" visibility="private" complexity="2" crap="2.02" count="1"/>
        <line num="364" type="stmt" count="1"/>
        <line num="366" type="stmt" count="1"/>
        <line num="367" type="stmt" count="1"/>
        <line num="368" type="stmt" count="0"/>
        <line num="370" type="stmt" count="1"/>
        <line num="372" type="stmt" count="1"/>
        <line num="383" type="method" name="getFileFromDisk" visibility="private" complexity="3" crap="3" count="3"/>
        <line num="385" type="stmt" count="3"/>
        <line num="386" type="stmt" count="3"/>
        <line num="388" type="stmt" count="3"/>
        <line num="389" type="stmt" count="2"/>
        <line num="391" type="stmt" count="1"/>
        <line num="394" type="stmt" count="3"/>
        <line num="397" type="stmt" count="3"/>
        <metrics loc="399" ncloc="233" classes="1" methods="20" coveredmethods="19" conditionals="0" coveredconditionals="0" statements="101" coveredstatements="100" elements="121" coveredelements="119"/>
      </file>
    </package>
    <file name="/Disk/Project/Docker-Php/src/Context/ContextInterface.php">
      <metrics loc="26" ncloc="12" classes="0" methods="0" coveredmethods="0" conditionals="0" coveredconditionals="0" statements="0" coveredstatements="0" elements="0" coveredelements="0"/>
    </file>
    <package name="Docker">
      <file name="/Disk/Project/Docker-Php/src/Docker.php">
        <class name="Docker\Docker" namespace="Docker">
          <metrics complexity="12" methods="9" coveredmethods="9" conditionals="0" coveredconditionals="0" statements="13" coveredstatements="13" elements="22" coveredelements="22"/>
        </class>
        <line num="26" type="method" name="containerAttach" visibility="public" complexity="1" crap="1" count="1"/>
        <line num="28" type="stmt" count="1"/>
        <line num="34" type="method" name="containerAttachWebsocket" visibility="public" complexity="1" crap="1" count="1"/>
        <line num="36" type="stmt" count="1"/>
        <line num="42" type="method" name="containerLogs" visibility="public" complexity="1" crap="1" count="1"/>
        <line num="44" type="stmt" count="1"/>
        <line num="50" type="method" name="execStart" visibility="public" complexity="1" crap="1" count="2"/>
        <line num="52" type="stmt" count="2"/>
        <line num="58" type="method" name="imageBuild" visibility="public" complexity="1" crap="1" count="2"/>
        <line num="60" type="stmt" count="2"/>
        <line num="66" type="method" name="imageCreate" visibility="public" complexity="1" crap="1" count="2"/>
        <line num="68" type="stmt" count="2"/>
        <line num="74" type="method" name="imagePush" visibility="public" complexity="3" crap="3" count="1"/>
        <line num="76" type="stmt" count="1"/>
        <line num="77" type="stmt" count="1"/>
        <line num="80" type="stmt" count="1"/>
        <line num="86" type="method" name="systemEvents" visibility="public" complexity="1" crap="1" count="1"/>
        <line num="88" type="stmt" count="1"/>
        <line num="95" type="method" name="create" visibility="public" complexity="2" crap="2" count="1"/>
        <line num="97" type="stmt" count="1"/>
        <line num="98" type="stmt" count="1"/>
        <line num="101" type="stmt" count="1"/>
        <metrics loc="103" ncloc="72" classes="1" methods="9" coveredmethods="9" conditionals="0" coveredconditionals="0" statements="13" coveredstatements="13" elements="22" coveredelements="22"/>
      </file>
      <file name="/Disk/Project/Docker-Php/src/DockerAsync.php">
        <class name="Docker\DockerAsync" namespace="Docker">
          <metrics complexity="11" methods="3" coveredmethods="3" conditionals="0" coveredconditionals="0" statements="22" coveredstatements="22" elements="25" coveredelements="25"/>
        </class>
        <line num="26" type="method" name="create" visibility="public" complexity="2" crap="2" count="3"/>
        <line num="28" type="stmt" count="3"/>
        <line num="29" type="stmt" count="3"/>
        <line num="32" type="stmt" count="3"/>
        <line num="38" type="method" name="systemEvents" visibility="public" complexity="1" crap="1" count="1"/>
        <line num="40" type="stmt" count="1"/>
        <line num="48" type="method" name="anonymousFunction:48#247" complexity="4" crap="4" count="2"/>
        <line num="49" type="stmt" count="2"/>
        <line num="50" type="stmt" count="2"/>
        <line num="51" type="stmt" count="2"/>
        <line num="52" type="stmt" count="2"/>
        <line num="53" type="stmt" count="2"/>
        <line num="54" type="stmt" count="2"/>
        <line num="55" type="stmt" count="2"/>
        <line num="56" type="stmt" count="2"/>
        <line num="57" type="stmt" count="1"/>
        <line num="60" type="stmt" count="2"/>
        <line num="61" type="stmt" count="1"/>
        <line num="63" type="stmt" count="1"/>
        <line num="64" type="stmt" count="1"/>
        <line num="65" type="stmt" count="1"/>
        <line num="71" type="stmt" count="2"/>
        <line num="72" type="stmt" count="2"/>
        <line num="73" type="stmt" count="2"/>
        <line num="76" type="stmt" count="2"/>
        <metrics loc="78" ncloc="65" classes="1" methods="3" coveredmethods="3" conditionals="0" coveredconditionals="0" statements="22" coveredstatements="22" elements="25" coveredelements="25"/>
      </file>
      <file name="/Disk/Project/Docker-Php/src/DockerAsyncClient.php">
        <class name="Docker\DockerAsyncClient" namespace="Docker">
          <metrics complexity="10" methods="4" coveredmethods="3" conditionals="0" coveredconditionals="0" statements="29" coveredstatements="17" elements="33" coveredelements="20"/>
        </class>
        <line num="26" type="method" name="__construct" visibility="public" complexity="1" crap="1" count="3"/>
        <line num="28" type="stmt" count="3"/>
        <line num="29" type="stmt" count="3"/>
        <line num="30" type="stmt" count="3"/>
        <line num="31" type="stmt" count="3"/>
        <line num="33" type="method" name="request" visibility="public" complexity="2" crap="2" count="2"/>
        <line num="35" type="stmt" count="2"/>
        <line num="36" type="stmt" count="2"/>
        <line num="39" type="stmt" count="2"/>
        <line num="42" type="method" name="resolveOptions" visibility="protected" complexity="1" crap="1" count="3"/>
        <line num="44" type="stmt" count="3"/>
        <line num="46" type="stmt" count="3"/>
        <line num="47" type="stmt" count="3"/>
        <line num="50" type="stmt" count="3"/>
        <line num="51" type="stmt" count="3"/>
        <line num="54" type="stmt" count="3"/>
        <line num="56" type="stmt" count="3"/>
        <line num="59" type="method" name="createFromEnv" visibility="public" complexity="6" crap="24.43" count="3"/>
        <line num="62" type="stmt" count="3"/>
        <line num="65" type="stmt" count="3"/>
        <line num="66" type="stmt" count="0"/>
        <line num="67" type="stmt" count="0"/>
        <line num="70" type="stmt" count="0"/>
        <line num="72" type="stmt" count="0"/>
        <line num="73" type="stmt" count="0"/>
        <line num="74" type="stmt" count="0"/>
        <line num="76" type="stmt" count="0"/>
        <line num="78" type="stmt" count="0"/>
        <line num="79" type="stmt" count="0"/>
        <line num="81" type="stmt" count="0"/>
        <line num="82" type="stmt" count="0"/>
        <line num="85" type="stmt" count="0"/>
        <line num="88" type="stmt" count="3"/>
        <metrics loc="90" ncloc="87" classes="1" methods="4" coveredmethods="3" conditionals="0" coveredconditionals="0" statements="29" coveredstatements="17" elements="33" coveredelements="20"/>
      </file>
      <file name="/Disk/Project/Docker-Php/src/DockerClientFactory.php">
        <class name="Docker\DockerClientFactory" namespace="Docker">
          <metrics complexity="9" methods="2" coveredmethods="2" conditionals="0" coveredconditionals="0" statements="27" coveredstatements="27" elements="29" coveredelements="29"/>
        </class>
        <line num="21" type="method" name="create" visibility="public" complexity="3" crap="3" count="4"/>
        <line num="23" type="stmt" count="4"/>
        <line num="24" type="stmt" count="1"/>
        <line num="27" type="stmt" count="4"/>
        <line num="28" type="stmt" count="4"/>
        <line num="29" type="stmt" count="4"/>
        <line num="31" type="stmt" count="4"/>
        <line num="33" type="stmt" count="4"/>
        <line num="34" type="stmt" count="4"/>
        <line num="35" type="stmt" count="4"/>
        <line num="36" type="stmt" count="4"/>
        <line num="38" type="stmt" count="4"/>
        <line num="42" type="method" name="createFromEnv" visibility="public" complexity="6" crap="6" count="4"/>
        <line num="45" type="stmt" count="4"/>
        <line num="48" type="stmt" count="4"/>
        <line num="49" type="stmt" count="3"/>
        <line num="50" type="stmt" count="1"/>
        <line num="53" type="stmt" count="2"/>
        <line num="54" type="stmt" count="2"/>
        <line num="55" type="stmt" count="2"/>
        <line num="58" type="stmt" count="2"/>
        <line num="59" type="stmt" count="2"/>
        <line num="60" type="stmt" count="2"/>
        <line num="63" type="stmt" count="2"/>
        <line num="64" type="stmt" count="1"/>
        <line num="67" type="stmt" count="2"/>
        <line num="68" type="stmt" count="2"/>
        <line num="69" type="stmt" count="2"/>
        <line num="73" type="stmt" count="3"/>
        <metrics loc="75" ncloc="72" classes="1" methods="2" coveredmethods="2" conditionals="0" coveredconditionals="0" statements="27" coveredstatements="27" elements="29" coveredelements="29"/>
      </file>
    </package>
    <package name="Docker\Endpoint">
      <file name="/Disk/Project/Docker-Php/src/Endpoint/ContainerAttach.php">
        <class name="Docker\Endpoint\ContainerAttach" namespace="Docker\Endpoint">
          <metrics complexity="5" methods="1" coveredmethods="0" conditionals="0" coveredconditionals="0" statements="7" coveredstatements="3" elements="8" coveredelements="3"/>
        </class>
        <line num="23" type="method" name="parsePSR7Response" visibility="public" complexity="5" crap="9.66" count="1"/>
        <line num="25" type="stmt" count="1"/>
        <line num="26" type="stmt" count="1"/>
        <line num="27" type="stmt" count="1"/>
        <line num="30" type="stmt" count="0"/>
        <line num="33" type="stmt" count="0"/>
        <line num="34" type="stmt" count="0"/>
        <line num="37" type="stmt" count="0"/>
        <metrics loc="39" ncloc="33" classes="1" methods="1" coveredmethods="0" conditionals="0" coveredconditionals="0" statements="7" coveredstatements="3" elements="8" coveredelements="3"/>
      </file>
      <file name="/Disk/Project/Docker-Php/src/Endpoint/ContainerAttachWebsocket.php">
        <class name="Docker\Endpoint\ContainerAttachWebsocket" namespace="Docker\Endpoint">
          <metrics complexity="5" methods="2" coveredmethods="1" conditionals="0" coveredconditionals="0" statements="14" coveredstatements="10" elements="16" coveredelements="11"/>
        </class>
        <line num="16" type="method" name="getExtraHeaders" visibility="public" complexity="1" crap="1" count="1"/>
        <line num="18" type="stmt" count="1"/>
        <line num="19" type="stmt" count="1"/>
        <line num="20" type="stmt" count="1"/>
        <line num="21" type="stmt" count="1"/>
        <line num="22" type="stmt" count="1"/>
        <line num="23" type="stmt" count="1"/>
        <line num="24" type="stmt" count="1"/>
        <line num="34" type="method" name="parsePSR7Response" visibility="public" complexity="4" crap="6.99" count="1"/>
        <line num="36" type="stmt" count="1"/>
        <line num="37" type="stmt" count="1"/>
        <line num="38" type="stmt" count="1"/>
        <line num="41" type="stmt" count="0"/>
        <line num="44" type="stmt" count="0"/>
        <line num="45" type="stmt" count="0"/>
        <line num="48" type="stmt" count="0"/>
        <metrics loc="50" ncloc="44" classes="1" methods="2" coveredmethods="1" conditionals="0" coveredconditionals="0" statements="14" coveredstatements="10" elements="16" coveredelements="11"/>
      </file>
      <file name="/Disk/Project/Docker-Php/src/Endpoint/ContainerLogs.php">
        <class name="Docker\Endpoint\ContainerLogs" namespace="Docker\Endpoint">
          <metrics complexity="4" methods="1" coveredmethods="0" conditionals="0" coveredconditionals="0" statements="7" coveredstatements="3" elements="8" coveredelements="3"/>
        </class>
        <line num="22" type="method" name="parsePSR7Response" visibility="public" complexity="4" crap="6.99" count="1"/>
        <line num="24" type="stmt" count="1"/>
        <line num="25" type="stmt" count="1"/>
        <line num="26" type="stmt" count="1"/>
        <line num="29" type="stmt" count="0"/>
        <line num="32" type="stmt" count="0"/>
        <line num="33" type="stmt" count="0"/>
        <line num="36" type="stmt" count="0"/>
        <metrics loc="38" ncloc="32" classes="1" methods="1" coveredmethods="0" conditionals="0" coveredconditionals="0" statements="7" coveredstatements="3" elements="8" coveredelements="3"/>
      </file>
      <file name="/Disk/Project/Docker-Php/src/Endpoint/ExecStart.php">
        <class name="Docker\Endpoint\ExecStart" namespace="Docker\Endpoint">
          <metrics complexity="5" methods="1" coveredmethods="0" conditionals="0" coveredconditionals="0" statements="7" coveredstatements="3" elements="8" coveredelements="3"/>
        </class>
        <line num="22" type="method" name="parsePSR7Response" visibility="public" complexity="5" crap="9.66" count="2"/>
        <line num="24" type="stmt" count="2"/>
        <line num="25" type="stmt" count="2"/>
        <line num="26" type="stmt" count="2"/>
        <line num="29" type="stmt" count="0"/>
        <line num="32" type="stmt" count="0"/>
        <line num="33" type="stmt" count="0"/>
        <line num="36" type="stmt" count="0"/>
        <metrics loc="38" ncloc="32" classes="1" methods="1" coveredmethods="0" conditionals="0" coveredconditionals="0" statements="7" coveredstatements="3" elements="8" coveredelements="3"/>
      </file>
      <file name="/Disk/Project/Docker-Php/src/Endpoint/ImageBuild.php">
        <class name="Docker\Endpoint\ImageBuild" namespace="Docker\Endpoint">
          <metrics complexity="6" methods="2" coveredmethods="1" conditionals="0" coveredconditionals="0" statements="11" coveredstatements="7" elements="13" coveredelements="8"/>
        </class>
        <line num="19" type="method" name="getBody" visibility="public" complexity="2" crap="2" count="2"/>
        <line num="21" type="stmt" count="2"/>
        <line num="23" type="stmt" count="2"/>
        <line num="24" type="stmt" count="2"/>
        <line num="27" type="stmt" count="2"/>
        <line num="36" type="method" name="parsePSR7Response" visibility="public" complexity="4" crap="6.99" count="2"/>
        <line num="38" type="stmt" count="2"/>
        <line num="39" type="stmt" count="2"/>
        <line num="40" type="stmt" count="2"/>
        <line num="43" type="stmt" count="0"/>
        <line num="46" type="stmt" count="0"/>
        <line num="47" type="stmt" count="0"/>
        <line num="50" type="stmt" count="0"/>
        <metrics loc="52" ncloc="46" classes="1" methods="2" coveredmethods="1" conditionals="0" coveredconditionals="0" statements="11" coveredstatements="7" elements="13" coveredelements="8"/>
      </file>
      <file name="/Disk/Project/Docker-Php/src/Endpoint/ImageCreate.php">
        <class name="Docker\Endpoint\ImageCreate" namespace="Docker\Endpoint">
          <metrics complexity="4" methods="1" coveredmethods="0" conditionals="0" coveredconditionals="0" statements="7" coveredstatements="3" elements="8" coveredelements="3"/>
        </class>
        <line num="22" type="method" name="parsePSR7Response" visibility="public" complexity="4" crap="6.99" count="2"/>
        <line num="24" type="stmt" count="2"/>
        <line num="25" type="stmt" count="2"/>
        <line num="26" type="stmt" count="2"/>
        <line num="29" type="stmt" count="0"/>
        <line num="32" type="stmt" count="0"/>
        <line num="33" type="stmt" count="0"/>
        <line num="36" type="stmt" count="0"/>
        <metrics loc="38" ncloc="32" classes="1" methods="1" coveredmethods="0" conditionals="0" coveredconditionals="0" statements="7" coveredstatements="3" elements="8" coveredelements="3"/>
      </file>
      <file name="/Disk/Project/Docker-Php/src/Endpoint/ImagePush.php">
        <class name="Docker\Endpoint\ImagePush" namespace="Docker\Endpoint">
          <metrics complexity="5" methods="2" coveredmethods="1" conditionals="0" coveredconditionals="0" statements="8" coveredstatements="4" elements="10" coveredelements="5"/>
        </class>
        <line num="16" type="method" name="getUri" visibility="public" complexity="1" crap="1" count="1"/>
        <line num="18" type="stmt" count="1"/>
        <line num="27" type="method" name="parsePSR7Response" visibility="public" complexity="4" crap="6.99" count="1"/>
        <line num="29" type="stmt" count="1"/>
        <line num="30" type="stmt" count="1"/>
        <line num="31" type="stmt" count="1"/>
        <line num="34" type="stmt" count="0"/>
        <line num="37" type="stmt" count="0"/>
        <line num="38" type="stmt" count="0"/>
        <line num="41" type="stmt" count="0"/>
        <metrics loc="43" ncloc="37" classes="1" methods="2" coveredmethods="1" conditionals="0" coveredconditionals="0" statements="8" coveredstatements="4" elements="10" coveredelements="5"/>
      </file>
      <file name="/Disk/Project/Docker-Php/src/Endpoint/SystemEvents.php">
        <class name="Docker\Endpoint\SystemEvents" namespace="Docker\Endpoint">
          <metrics complexity="5" methods="2" coveredmethods="1" conditionals="0" coveredconditionals="0" statements="8" coveredstatements="4" elements="10" coveredelements="5"/>
        </class>
        <line num="22" type="method" name="getAmpArtaxClientOptions" visibility="public" complexity="1" crap="1" count="1"/>
        <line num="24" type="stmt" count="1"/>
        <line num="33" type="method" name="parsePSR7Response" visibility="public" complexity="4" crap="6.99" count="1"/>
        <line num="35" type="stmt" count="1"/>
        <line num="36" type="stmt" count="1"/>
        <line num="37" type="stmt" count="1"/>
        <line num="40" type="stmt" count="0"/>
        <line num="43" type="stmt" count="0"/>
        <line num="44" type="stmt" count="0"/>
        <line num="47" type="stmt" count="0"/>
        <metrics loc="49" ncloc="43" classes="1" methods="2" coveredmethods="1" conditionals="0" coveredconditionals="0" statements="8" coveredstatements="4" elements="10" coveredelements="5"/>
      </file>
    </package>
    <package name="Docker\Stream">
      <file name="/Disk/Project/Docker-Php/src/Stream/ArtaxCallbackStream.php">
        <class name="Docker\Stream\ArtaxCallbackStream" namespace="Docker\Stream">
          <metrics complexity="12" methods="5" coveredmethods="3" conditionals="0" coveredconditionals="0" statements="15" coveredstatements="12" elements="20" coveredelements="15"/>
        </class>
        <line num="31" type="method" name="__construct" visibility="public" complexity="2" crap="2" count="1"/>
        <line num="36" type="stmt" count="1"/>
        <line num="37" type="stmt" count="1"/>
        <line num="38" type="stmt" count="1"/>
        <line num="39" type="stmt" count="1"/>
        <line num="46" type="method" name="onFrame" visibility="public" complexity="1" crap="1" count="1"/>
        <line num="48" type="stmt" count="1"/>
        <line num="49" type="stmt" count="1"/>
        <line num="58" type="method" name="anonymousFunction:58#191" complexity="3" crap="3" count="1"/>
        <line num="59" type="stmt" count="1"/>
        <line num="60" type="stmt" count="1"/>
        <line num="61" type="stmt" count="1"/>
        <line num="64" type="stmt" count="1"/>
        <line num="70" type="method" name="cancel" visibility="public" complexity="1" crap="2" count="0"/>
        <line num="72" type="stmt" count="0"/>
        <line num="73" type="stmt" count="0"/>
        <line num="82" type="method" name="transformChunk" visibility="private" complexity="2" crap="2.15" count="1"/>
        <line num="84" type="stmt" count="1"/>
        <line num="85" type="stmt" count="0"/>
        <line num="88" type="stmt" count="1"/>
        <metrics loc="90" ncloc="58" classes="1" methods="5" coveredmethods="3" conditionals="0" coveredconditionals="0" statements="15" coveredstatements="12" elements="20" coveredelements="15"/>
      </file>
      <file name="/Disk/Project/Docker-Php/src/Stream/AttachWebsocketStream.php">
        <class name="Docker\Stream\AttachWebsocketStream" namespace="Docker\Stream">
          <metrics complexity="23" methods="5" coveredmethods="3" conditionals="0" coveredconditionals="0" statements="74" coveredstatements="59" elements="79" coveredelements="62"/>
        </class>
        <line num="21" type="method" name="__construct" visibility="public" complexity="1" crap="1" count="1"/>
        <line num="24" type="stmt" count="1"/>
        <line num="25" type="stmt" count="1"/>
        <line num="26" type="stmt" count="1"/>
        <line num="33" type="method" name="write" visibility="public" complexity="8" crap="8.56" count="1"/>
        <line num="35" type="stmt" count="1"/>
        <line num="37" type="stmt" count="1"/>
        <line num="38" type="stmt" count="1"/>
        <line num="39" type="stmt" count="1"/>
        <line num="40" type="stmt" count="1"/>
        <line num="41" type="stmt" count="1"/>
        <line num="42" type="stmt" count="1"/>
        <line num="43" type="stmt" count="1"/>
        <line num="44" type="stmt" count="1"/>
        <line num="45" type="stmt" count="1"/>
        <line num="48" type="stmt" count="1"/>
        <line num="49" type="stmt" count="1"/>
        <line num="50" type="stmt" count="1"/>
        <line num="51" type="stmt" count="1"/>
        <line num="55" type="stmt" count="1"/>
        <line num="56" type="stmt" count="0"/>
        <line num="57" type="stmt" count="1"/>
        <line num="58" type="stmt" count="0"/>
        <line num="60" type="stmt" count="1"/>
        <line num="63" type="stmt" count="1"/>
        <line num="64" type="stmt" count="1"/>
        <line num="66" type="stmt" count="1"/>
        <line num="67" type="stmt" count="1"/>
        <line num="69" type="stmt" count="1"/>
        <line num="70" type="stmt" count="0"/>
        <line num="71" type="stmt" count="1"/>
        <line num="72" type="stmt" count="0"/>
        <line num="73" type="stmt" count="0"/>
        <line num="74" type="stmt" count="0"/>
        <line num="75" type="stmt" count="0"/>
        <line num="78" type="stmt" count="1"/>
        <line num="79" type="stmt" count="1"/>
        <line num="82" type="stmt" count="1"/>
        <line num="83" type="stmt" count="1"/>
        <line num="94" type="method" name="read" visibility="public" complexity="10" crap="11.56" count="1"/>
        <line num="96" type="stmt" count="1"/>
        <line num="97" type="stmt" count="0"/>
        <line num="100" type="stmt" count="1"/>
        <line num="101" type="stmt" count="1"/>
        <line num="102" type="stmt" count="1"/>
        <line num="104" type="stmt" count="1"/>
        <line num="105" type="stmt" count="1"/>
        <line num="108" type="stmt" count="1"/>
        <line num="109" type="stmt" count="1"/>
        <line num="110" type="stmt" count="1"/>
        <line num="111" type="stmt" count="1"/>
        <line num="114" type="stmt" count="1"/>
        <line num="115" type="stmt" count="1"/>
        <line num="116" type="stmt" count="1"/>
        <line num="117" type="stmt" count="1"/>
        <line num="118" type="stmt" count="1"/>
        <line num="121" type="stmt" count="1"/>
        <line num="122" type="stmt" count="1"/>
        <line num="125" type="stmt" count="1"/>
        <line num="126" type="stmt" count="0"/>
        <line num="127" type="stmt" count="1"/>
        <line num="128" type="stmt" count="0"/>
        <line num="129" type="stmt" count="0"/>
        <line num="133" type="stmt" count="1"/>
        <line num="134" type="stmt" count="0"/>
        <line num="137" type="stmt" count="1"/>
        <line num="140" type="stmt" count="1"/>
        <line num="141" type="stmt" count="0"/>
        <line num="142" type="stmt" count="0"/>
        <line num="146" type="stmt" count="1"/>
        <line num="147" type="stmt" count="0"/>
        <line num="150" type="stmt" count="1"/>
        <line num="160" type="method" name="socketRead" visibility="private" complexity="3" crap="3" count="1"/>
        <line num="162" type="stmt" count="1"/>
        <line num="165" type="stmt" count="1"/>
        <line num="166" type="stmt" count="1"/>
        <line num="168" type="stmt" count="1"/>
        <line num="178" type="method" name="socketWrite" visibility="private" complexity="1" crap="1" count="1"/>
        <line num="180" type="stmt" count="1"/>
        <metrics loc="182" ncloc="133" classes="1" methods="5" coveredmethods="3" conditionals="0" coveredconditionals="0" statements="74" coveredstatements="59" elements="79" coveredelements="62"/>
      </file>
      <file name="/Disk/Project/Docker-Php/src/Stream/BuildStream.php">
        <class name="Docker\Stream\BuildStream" namespace="Docker\Stream">
          <metrics complexity="1" methods="1" coveredmethods="1" conditionals="0" coveredconditionals="0" statements="1" coveredstatements="1" elements="2" coveredelements="2"/>
        </class>
        <line num="17" type="method" name="getDecodeClass" visibility="protected" complexity="1" crap="1" count="1"/>
        <line num="19" type="stmt" count="1"/>
        <metrics loc="21" ncloc="13" classes="1" methods="1" coveredmethods="1" conditionals="0" coveredconditionals="0" statements="1" coveredstatements="1" elements="2" coveredelements="2"/>
      </file>
      <file name="/Disk/Project/Docker-Php/src/Stream/CallbackStream.php">
        <class name="Docker\Stream\CallbackStream" namespace="Docker\Stream">
          <metrics complexity="9" methods="4" coveredmethods="3" conditionals="0" coveredconditionals="0" statements="15" coveredstatements="12" elements="19" coveredelements="15"/>
        </class>
        <line num="21" type="method" name="__construct" visibility="public" complexity="1" crap="1" count="7"/>
        <line num="23" type="stmt" count="7"/>
        <line num="24" type="stmt" count="7"/>
        <line num="31" type="method" name="onFrame" visibility="public" complexity="1" crap="1" count="4"/>
        <line num="33" type="stmt" count="4"/>
        <line num="34" type="stmt" count="4"/>
        <line num="46" type="method" name="wait" visibility="public" complexity="5" crap="5" count="7"/>
        <line num="48" type="stmt" count="7"/>
        <line num="49" type="stmt" count="7"/>
        <line num="51" type="stmt" count="7"/>
        <line num="52" type="stmt" count="4"/>
        <line num="53" type="stmt" count="4"/>
        <line num="56" type="stmt" count="4"/>
        <line num="57" type="stmt" count="4"/>
        <line num="61" type="stmt" count="7"/>
        <line num="63" type="method" name="closeAndRead" visibility="public" complexity="1" crap="2" count="0"/>
        <line num="65" type="stmt" count="0"/>
        <line num="66" type="stmt" count="0"/>
        <line num="67" type="stmt" count="0"/>
        <metrics loc="68" ncloc="49" classes="1" methods="4" coveredmethods="3" conditionals="0" coveredconditionals="0" statements="15" coveredstatements="12" elements="19" coveredelements="15"/>
      </file>
      <file name="/Disk/Project/Docker-Php/src/Stream/CreateImageStream.php">
        <class name="Docker\Stream\CreateImageStream" namespace="Docker\Stream">
          <metrics complexity="1" methods="1" coveredmethods="1" conditionals="0" coveredconditionals="0" statements="1" coveredstatements="1" elements="2" coveredelements="2"/>
        </class>
        <line num="17" type="method" name="getDecodeClass" visibility="protected" complexity="1" crap="1" count="1"/>
        <line num="19" type="stmt" count="1"/>
        <metrics loc="21" ncloc="13" classes="1" methods="1" coveredmethods="1" conditionals="0" coveredconditionals="0" statements="1" coveredstatements="1" elements="2" coveredelements="2"/>
      </file>
      <file name="/Disk/Project/Docker-Php/src/Stream/DockerRawStream.php">
        <class name="Docker\Stream\DockerRawStream" namespace="Docker\Stream">
          <metrics complexity="15" methods="7" coveredmethods="4" conditionals="0" coveredconditionals="0" statements="30" coveredstatements="24" elements="37" coveredelements="28"/>
        </class>
        <line num="25" type="method" name="__construct" visibility="public" complexity="1" crap="1" count="4"/>
        <line num="27" type="stmt" count="4"/>
        <line num="28" type="stmt" count="4"/>
        <line num="35" type="method" name="onStdin" visibility="public" complexity="1" crap="2" count="0"/>
        <line num="37" type="stmt" count="0"/>
        <line num="38" type="stmt" count="0"/>
        <line num="45" type="method" name="onStdout" visibility="public" complexity="1" crap="1" count="2"/>
        <line num="47" type="stmt" count="2"/>
        <line num="48" type="stmt" count="2"/>
        <line num="55" type="method" name="onStderr" visibility="public" complexity="1" crap="2" count="0"/>
        <line num="57" type="stmt" count="0"/>
        <line num="58" type="stmt" count="0"/>
        <line num="63" type="method" name="readFrame" visibility="protected" complexity="6" crap="6.09" count="2"/>
        <line num="65" type="stmt" count="2"/>
        <line num="67" type="stmt" count="2"/>
        <line num="68" type="stmt" count="1"/>
        <line num="71" type="stmt" count="2"/>
        <line num="72" type="stmt" count="2"/>
        <line num="73" type="stmt" count="2"/>
        <line num="75" type="stmt" count="2"/>
        <line num="76" type="stmt" count="0"/>
        <line num="79" type="stmt" count="2"/>
        <line num="80" type="stmt" count="2"/>
        <line num="83" type="stmt" count="2"/>
        <line num="84" type="stmt" count="0"/>
        <line num="87" type="stmt" count="2"/>
        <line num="88" type="stmt" count="2"/>
        <line num="90" type="stmt" count="2"/>
        <line num="99" type="method" name="forceRead" visibility="private" complexity="3" crap="3" count="2"/>
        <line num="101" type="stmt" count="2"/>
        <line num="104" type="stmt" count="2"/>
        <line num="105" type="stmt" count="2"/>
        <line num="107" type="stmt" count="2"/>
        <line num="113" type="method" name="wait" visibility="public" complexity="2" crap="2" count="2"/>
        <line num="115" type="stmt" count="2"/>
        <line num="116" type="stmt" count="2"/>
        <line num="118" type="stmt" count="2"/>
        <metrics loc="119" ncloc="87" classes="1" methods="7" coveredmethods="4" conditionals="0" coveredconditionals="0" statements="30" coveredstatements="24" elements="37" coveredelements="28"/>
      </file>
      <file name="/Disk/Project/Docker-Php/src/Stream/EventStream.php">
        <class name="Docker\Stream\EventStream" namespace="Docker\Stream">
          <metrics complexity="1" methods="1" coveredmethods="1" conditionals="0" coveredconditionals="0" statements="1" coveredstatements="1" elements="2" coveredelements="2"/>
        </class>
        <line num="17" type="method" name="getDecodeClass" visibility="protected" complexity="1" crap="1" count="1"/>
        <line num="19" type="stmt" count="1"/>
        <metrics loc="21" ncloc="13" classes="1" methods="1" coveredmethods="1" conditionals="0" coveredconditionals="0" statements="1" coveredstatements="1" elements="2" coveredelements="2"/>
      </file>
      <file name="/Disk/Project/Docker-Php/src/Stream/MultiJsonStream.php">
        <class name="Docker\Stream\MultiJsonStream" namespace="Docker\Stream">
          <metrics complexity="15" methods="2" coveredmethods="2" conditionals="0" coveredconditionals="0" statements="28" coveredstatements="28" elements="30" coveredelements="30"/>
        </class>
        <line num="18" type="method" name="__construct" visibility="public" complexity="1" crap="1" count="7"/>
        <line num="20" type="stmt" count="7"/>
        <line num="22" type="stmt" count="7"/>
        <line num="23" type="stmt" count="7"/>
        <line num="28" type="method" name="readFrame" visibility="protected" complexity="13" crap="13" count="7"/>
        <line num="30" type="stmt" count="7"/>
        <line num="31" type="stmt" count="7"/>
        <line num="32" type="stmt" count="7"/>
        <line num="33" type="stmt" count="7"/>
        <line num="34" type="stmt" count="7"/>
        <line num="37" type="stmt" count="7"/>
        <line num="38" type="stmt" count="7"/>
        <line num="40" type="stmt" count="7"/>
        <line num="41" type="stmt" count="7"/>
        <line num="45" type="stmt" count="7"/>
        <line num="46" type="stmt" count="6"/>
        <line num="49" type="stmt" count="7"/>
        <line num="50" type="stmt" count="7"/>
        <line num="53" type="stmt" count="7"/>
        <line num="54" type="stmt" count="7"/>
        <line num="56" type="stmt" count="7"/>
        <line num="57" type="stmt" count="7"/>
        <line num="58" type="stmt" count="7"/>
        <line num="59" type="stmt" count="7"/>
        <line num="60" type="stmt" count="7"/>
        <line num="64" type="stmt" count="7"/>
        <line num="65" type="stmt" count="7"/>
        <line num="69" type="stmt" count="7"/>
        <line num="70" type="stmt" count="4"/>
        <line num="73" type="stmt" count="7"/>
        <metrics loc="82" ncloc="64" classes="1" methods="2" coveredmethods="2" conditionals="0" coveredconditionals="0" statements="28" coveredstatements="28" elements="30" coveredelements="30"/>
      </file>
      <file name="/Disk/Project/Docker-Php/src/Stream/PushStream.php">
        <class name="Docker\Stream\PushStream" namespace="Docker\Stream">
          <metrics complexity="1" methods="1" coveredmethods="1" conditionals="0" coveredconditionals="0" statements="1" coveredstatements="1" elements="2" coveredelements="2"/>
        </class>
        <line num="17" type="method" name="getDecodeClass" visibility="protected" complexity="1" crap="1" count="1"/>
        <line num="19" type="stmt" count="1"/>
        <metrics loc="21" ncloc="13" classes="1" methods="1" coveredmethods="1" conditionals="0" coveredconditionals="0" statements="1" coveredstatements="1" elements="2" coveredelements="2"/>
      </file>
      <file name="/Disk/Project/Docker-Php/src/Stream/TarStream.php">
        <class name="Docker\Stream\TarStream" namespace="Docker\Stream">
          <metrics complexity="1" methods="1" coveredmethods="1" conditionals="0" coveredconditionals="0" statements="1" coveredstatements="1" elements="2" coveredelements="2"/>
        </class>
        <line num="17" type="method" name="getSize" visibility="public" complexity="1" crap="1" count="2"/>
        <line num="19" type="stmt" count="2"/>
        <metrics loc="21" ncloc="15" classes="1" methods="1" coveredmethods="1" conditionals="0" coveredconditionals="0" statements="1" coveredstatements="1" elements="2" coveredelements="2"/>
      </file>
    </package>
    <metrics files="28" loc="2010" ncloc="1474" classes="25" methods="91" coveredmethods="72" conditionals="0" coveredconditionals="0" statements="464" coveredstatements="391" elements="555" coveredelements="463"/>
  </project>
</coverage>
